Connection established to port 3000
Message sent to port 3000: LIST
List operation started
Timeout expired while reading from port 3000
List operation failed
Message sent to port 3000: LIST
List operation started
Message received from port 3000: ERROR_NOT_ENOUGH_DSTORES
ERROR: Not enough Dstores have joined the data store yet
List operation failed
Message sent to port 3000: LIST
List operation started
Message received from port 3000: ERROR_NOT_ENOUGH_DSTORES
ERROR: Not enough Dstores have joined the data store yet
List operation failed
Connection established to port 3000
Connection established to port 3000
Connection established to port 3000
Connection established to port 3000
Connection established to port 3000
Connection established to port 3000
Message sent to port 3000: LIST
List operation started
Connection established to port 3000
Message sent to port 3000: LIST
List operation started
Message sent to port 3000: LIST
Message sent to port 3000: LIST
List operation started
Connection established to port 3000
List operation started
Message sent to port 3000: LIST
List operation started
Message sent to port 3000: LIST
List operation started
Connection established to port 3000
Message sent to port 3000: LIST
List operation started
Message sent to port 3000: LIST
List operation started
Message sent to port 3000: LIST
List operation started
Connection established to port 3000
Message sent to port 3000: LIST
List operation started
Timeout expired while reading from port 3000
List operation failed
Timeout expired while reading from port 3000
Timeout expired while reading from port 3000
Timeout expired while reading from port 3000
Timeout expired while reading from port 3000
List operation failed
List operation failed
Timeout expired while reading from port 3000
List operation failed
Timeout expired while reading from port 3000
List operation failed
List operation failed
List operation failed
Timeout expired while reading from port 3000
Timeout expired while reading from port 3000
List operation failed
Timeout expired while reading from port 3000
List operation failed
List operation failed
